<?xml version="1.0" encoding="UTF-8"?>
<!-- Generated by org.testng.reporters.JUnitReportReporter -->
<testsuite hostname="sahoo-HP-Laptop-15q-ds0xxx" failures="0" tests="1" name="testNgBasics.annotaions" time="0.009" errors="0" timestamp="2022-01-23T15:21:29 IST" skipped="0">
  <testcase classname="testNgBasics.annotaions" name="testMethod2" time="0.009"/>
  <system-out/>
</testsuite> <!-- testNgBasics.annotaions -->
