<?xml version="1.0" encoding="UTF-8"?>
<!-- Generated by org.testng.reporters.JUnitReportReporter -->
<testsuite hostname="sahoo-HP-Laptop-15q-ds0xxx" failures="0" tests="1" name="testTingBaba_script.CheckBox_demo" time="18.298" errors="0" timestamp="2022-02-08T15:59:44 IST" skipped="0">
  <testcase classname="testTingBaba_script.CheckBox_demo" name="checkBoxTest" time="18.298"/>
  <system-out/>
</testsuite> <!-- testTingBaba_script.CheckBox_demo -->
