<?xml version="1.0" encoding="UTF-8"?>
<!-- Generated by org.testng.reporters.JUnitReportReporter -->
<testsuite hostname="sahoo-HP-Laptop-15q-ds0xxx" failures="0" tests="6" name="testNgBasics.FlightBooking" time="0.024" errors="0" timestamp="2022-01-20T23:12:57 IST" skipped="0">
  <testcase classname="testNgBasics.FlightBooking" name="signUp" time="0.014"/>
  <system-out/>
  <testcase classname="testNgBasics.FlightBooking" name="logIn" time="0.002"/>
  <system-out/>
  <testcase classname="testNgBasics.FlightBooking" name="searchForFlight" time="0.001"/>
  <system-out/>
  <testcase classname="testNgBasics.FlightBooking" name="bookingTheFlight" time="0.002"/>
  <system-out/>
  <testcase classname="testNgBasics.FlightBooking" name="saveTheTicket" time="0.002"/>
  <system-out/>
  <testcase classname="testNgBasics.FlightBooking" name="logOut" time="0.003"/>
  <system-out/>
</testsuite> <!-- testNgBasics.FlightBooking -->
