<?xml version="1.0" encoding="UTF-8"?>
<!-- Generated by org.testng.reporters.JUnitReportReporter -->
<testsuite hostname="sahoo-HP-Laptop-15q-ds0xxx" failures="0" tests="3" name="baseLibrary.OrangeHrmTest" time="20.089" errors="0" timestamp="2022-01-09T22:50:36 IST" skipped="0">
  <testcase classname="baseLibrary.OrangeHrmTest" name="launchApp" time="11.130"/>
  <system-out/>
  <testcase classname="baseLibrary.OrangeHrmTest" name="orangeHrmLogin" time="6.860"/>
  <system-out/>
  <testcase classname="baseLibrary.OrangeHrmTest" name="myINfo" time="2.099"/>
  <system-out/>
</testsuite> <!-- baseLibrary.OrangeHrmTest -->
