<?xml version="1.0" encoding="UTF-8"?>
<!-- Generated by org.testng.reporters.JUnitReportReporter -->
<testsuite hostname="sahoo-HP-Laptop-15q-ds0xxx" failures="0" tests="2" name="dataProvider.BasicTestWithDataProvider2" time="0.010" errors="0" timestamp="2022-01-27T22:38:37 IST" skipped="0">
  <testcase classname="dataProvider.BasicTestWithDataProvider2" name="testDataProvider" time="0.002"/>
  <system-out/>
  <testcase classname="dataProvider.BasicTestWithDataProvider2" name="testDataProvider" time="0.008"/>
  <system-out/>
</testsuite> <!-- dataProvider.BasicTestWithDataProvider2 -->
