<?xml version="1.0" encoding="UTF-8"?>
<!-- Generated by org.testng.reporters.JUnitReportReporter -->
<testsuite hostname="sahoo-HP-Laptop-15q-ds0xxx" failures="0" tests="1" name="testNgBasics.TestClass" time="10.029" errors="0" timestamp="2022-01-15T22:59:40 IST" skipped="0">
  <testcase classname="testNgBasics.TestClass" name="testGoogle" time="10.029"/>
  <system-out/>
</testsuite> <!-- testNgBasics.TestClass -->
