<?xml version="1.0" encoding="UTF-8"?>
<!-- Generated by org.testng.reporters.JUnitReportReporter -->
<testsuite hostname="sahoo-HP-Laptop-15q-ds0xxx" failures="0" tests="4" name="groupTesting.NewTest2" time="0.006" errors="0" timestamp="2022-01-26T17:12:41 IST" skipped="0">
  <testcase classname="groupTesting.NewTest2" name="test6" time="0.001"/>
  <system-out/>
  <testcase classname="groupTesting.NewTest2" name="test8" time="0.001"/>
  <system-out/>
  <testcase classname="groupTesting.NewTest2" name="test7" time="0.002"/>
  <system-out/>
  <testcase classname="groupTesting.NewTest2" name="test5" time="0.002"/>
  <system-out/>
</testsuite> <!-- groupTesting.NewTest2 -->
