<?xml version="1.0" encoding="UTF-8"?>
<!-- Generated by org.testng.reporters.JUnitReportReporter -->
<testsuite hostname="sahoo-HP-Laptop-15q-ds0xxx" failures="0" tests="1" name="baseLibrary.TestClass" time="11.642" errors="0" timestamp="2022-01-10T22:19:29 IST" skipped="0">
  <testcase classname="baseLibrary.TestClass" name="testGoogle" time="11.642"/>
  <system-out/>
</testsuite> <!-- baseLibrary.TestClass -->
