<?xml version="1.0" encoding="UTF-8"?>
<!-- Generated by org.testng.reporters.JUnitReportReporter -->
<testsuite hostname="sahoo-HP-Laptop-15q-ds0xxx" failures="0" tests="1" name="testingBaba_Test.Login_Test" time="0.016" errors="0" timestamp="2022-02-11T18:21:42 IST" skipped="0">
  <testcase classname="testingBaba_Test.Login_Test" name="getTitle" time="0.016"/>
  <system-out/>
</testsuite> <!-- testingBaba_Test.Login_Test -->
